<?xml version="1.0" encoding="UTF-8"?>
<!-- Generated by org.testng.reporters.JUnitReportReporter -->
<testsuite hostname="LAPTOP-VNBA3OG5" failures="0" tests="1" name="ReplaceADigitWithAnother._ReplaceADigitWithAnother.ReplaceADigitWithAnother" time="0.013" errors="0" timestamp="2021-09-25T17:59:46 CDT" skipped="0">
  <testcase classname="ReplaceADigitWithAnother._ReplaceADigitWithAnother.ReplaceADigitWithAnother" name="t2" time="0.013"/>
  <system-out/>
</testsuite> <!-- ReplaceADigitWithAnother._ReplaceADigitWithAnother.ReplaceADigitWithAnother -->
